|SourceProjectName:DRDO CAS MS.hpr
|DestinationProjectName:index.htm
whhost.js
whmsg.js
whmozemu.js
whutils.js
whproxy.js
whstub.js
whver.js
whform.js
whphost.js
whstart.js
whtopic.js
whframes.js
whlang.js
XmlReadHelper.js
whskin_info.htm
whskin_blank.htm
whskin_pickup.htm
whskin_homepage.htm
whskin_tw.htm
whnjs.htm
whthost.js
whtdhtml.htm
whihost.js
whibody.htm
whiform.htm
whfhost.js
whfbody.htm
whfform.htm
whghost.js
whgbody.htm
whgdhtml.htm
whgdef.htm
whproj.js
whproj.htm
whdata\whtoc.js
whdata\whtoc.htm
whdata\whtdata.js
whdata\whidx.js
whdata\whidx.htm
whdata\whidata.js
whdata\whglo.js
whdata\whglo.htm
whdata\whgdata.js
whgdata\whnvp30.htm
whgdata\whnvp31.htm
whgdata\whnvp32.htm
whgdata\whnvp33.htm
whgdata\whnvt30.htm
whgdata\whnvt31.htm
whgdata\whnvt32.htm
whgdata\whnvt33.htm
whgdata\whnvf30.htm
whgdata\whnvf31.htm
whgdata\whnvf32.htm
whgdata\whnvf33.htm
whgdata\whnvl31.htm
whgdata\whnvl32.htm
whgdata\whnvl33.htm
whgdata\whexpbar.gif
cshdat_webhelp.htm
whcsh_home.htm
whcshdata.js
cshdat_robohelp.htm
wht_tab0.gif
wht_tab1.gif
wht_tab2.gif
wht_tab3.gif
wht_tab4.gif
wht_tab5.gif
wht_tab6.gif
wht_tab7.gif
wht_tab8.gif
wht_glo_h.gif
wht_glo_n.gif
wht_fts_h.gif
wht_fts_n.gif
wht_idx_h.gif
wht_idx_n.gif
wht_toc_h.gif
wht_toc_n.gif
wht_ws.gif
wht_ws_g.gif
wht_logo1.gif
wht_logo2.gif
wht_abgw.jpg
wht_abgi.jpg
wht_abge.jpg
wht_abtw.jpg
wht_abte.jpg
wht_abti.jpg
wht_spac.gif
wht_next.gif
wht_next_g.gif
wht_prev.gif
wht_prev_g.gif
wht_sync.gif
wht_hide.gif
wht_go.gif
whstart.ico
whestart.ico
whrstart.ico
whidhtml.htm
whfdhtml.htm
whskin_banner.htm
whtbar.js
whskin_pdhtml.htm
whskin_plist.htm
whskin_tbars.htm
whskin_mbars.htm
wht_toc4.gif
wht_toc1.gif
wht_toc2.gif
wht_toc3.gif
whskin_frmset010.htm
whst_topics.xml
whskin_frmset01.htm
index_hha.hhk
index.hhc
index.hhk
ADMIN\GROUPS.htm
ADMIN\OVERVIEW.htm
ADMIN\PERMISSIONS.htm
ADMIN\USERS.htm
ADMINISTRATOR\FEEDBACK.htm
ADMINISTRATOR\HELP.htm
ADMINISTRATOR\LOGOUT.htm
ADMINISTRATOR\MYPROFILE.htm
ADMINISTRATOR\OVERVIEW.htm
BOM\BOM_PART_DETAILS_VIEW.htm
BOM\CREATE_BOM.htm
BOM\CREATE_MBOM.htm
BOM\OVERVIEW.htm
BOM\PRINT_BOM.htm
BOM\REMOVE_BOM_PART.htm
BOM\SEARCH_BOM.htm
BOM\UPDATE_BOM.htm
CLASSIFICATION\CREATE_ATTRIBUTE.htm
CLASSIFICATION\CREATE_PART_TYPE.htm
CLASSIFICATION\CREATE_SYSTEM_TYPE.htm
CLASSIFICATION\DELETE_PART_TYPE.htm
CLASSIFICATION\SEARCH_PART_TYPE.htm
CLASSIFICATION\UPDATE_PART_TYPE.htm
EXECUTIVE_SUMMARY\MISSILES.htm
EXECUTIVE_SUMMARY\OVERVIEW.htm
EXECUTIVE_SUMMARY\SECTION.htm
FAILURE_REPORT\FAILURE_REPORT.htm
HOME\HOME.htm
INVENTORY\BOM_INVENTORY_REPORT.htm
INVENTORY\INVENTORY.htm
INVENTORY\ISSUE_REPORT.htm
INVENTORY\REQUEST_REPORT.htm
ITEMS\ITEMS.htm
LOGIN\LOGIN.htm
OVERVIEW\OVERVIEW.htm
PART_TRACKING\PART_TRACKING.htm
PLANNING\AUTOPLAN.htm
PLANNING\PLANNING.htm
PLANNING\QTY._ALLOCATE_ON_MISSILE.htm
PLANNING\QTY._REALLOCATION.htm
PLANNING\RESET_PLAN.htm
PLANNING\SEARCH.htm
PLANNING\SHORTAGE_REPORT.htm
PROCUREMENT\MANUFACTURERS\CREATE_MANUFACTURER.htm
PROCUREMENT\MANUFACTURERS\DELETE_MFR.htm
PROCUREMENT\MANUFACTURERS\SEARCH_MFR.htm
PROCUREMENT\MANUFACTURERS\UPDATE_MFR.htm
PROCUREMENT\SUPPLIERS\DELETE_SUPPLIER.htm
PROCUREMENT\SUPPLIERS\SEARCH_SUPPLIER.htm
PROCUREMENT\SUPPLIERS\SUPPLIERS.htm
PROCUREMENT\SUPPLIERS\UPDATE_SUPPLIER.htm
SETTINGS\AUTO_NUMBERS.htm
SETTINGS\BOM_GROUP.htm
SETTINGS\FAILURE_LIST.htm
SETTINGS\LIST_OF_VALUES.htm
SETTINGS\PART_TRACKING.htm
SETTINGS\SYSTEM_ATTRIBUTES.htm
STORAGE\ADDING_PARTS_TO_STORAGE_LOCATION.htm
STORAGE\CREATE_STORAGE.htm
STORAGE\DELETE_STORAGE_TYPE.htm
STORAGE\EXPAND_OR_COLLAPSE_STORAGE_TREE_DATA.htm
STORAGE\STORAGE_SEARCH.htm
STORAGE\VIEW_THE_LIST_OF_PARTS_AVAILABLE_IN_STORAGE_LOCATION.htm
TRANSACTIONS\DISPATCHES\CREATE_DISPATCH.htm
TRANSACTIONS\GATEPASSES\DELETE_GATEPASS.htm
TRANSACTIONS\GATEPASSES\GATEPASSES.htm
TRANSACTIONS\GATEPASSES\SEARCH_GATEPASS.htm
TRANSACTIONS\INWARDS\INWARDS.htm
TRANSACTIONS\INWARDS\SSQAG_STATE.htm
TRANSACTIONS\INWARDS\STORE_STATE.htm
TRANSACTIONS\ISSUES\CREATE_ISSUE.htm
TRANSACTIONS\ISSUES\PRINT_ISSUE.htm
TRANSACTIONS\REQUESTS\BDL_MANAGER_APPROVE.htm
TRANSACTIONS\REQUESTS\CAS_MANAGER_APPROVAL.htm
TRANSACTIONS\REQUESTS\CREATE_REQUEST.htm
TRANSACTIONS\REQUESTS\REQUEST_PRINT.htm
TRANSACTIONS\REQUESTS\SEARCH_REQUEST.htm
index.glo
default.css
Auto_Plan1.JPG
MFR_Edit3.JPG
MFR_Edit2.JPG
MFR_Edit1.JPG
Print_BOM2.JPG
Add_Subsystem3.JPG
Add_Subsystem2.JPG
Add_Subsystem1.JPG
Item_Files2.JPG
Item_Files.JPG
BOM_Group3.JPG
Group_Delete4.JPG
Group_Delete3.JPG
Group_Delete2.JPG
Group_Delete1.JPG
New_Group1.JPG
Edit_User2.JPG
Inv_Issue_Report3.JPG
Inward1.jpg
BOM2.JPG
BOM1.JPG
Item_Attributes.JPG
LOV5.JPG
LOV4.JPG
LOV3.JPG
LOV2.JPG
LOV1.JPG
Classification6.JPG
Classification5.JPG
Classification4.JPG
Classification3.JPG
Classification2.JPG
Classification1.jpg
Edit_User3.JPG
Inward_Items.JPG
Inwards.JPG
Inv_Issue_Report2.JPG
CAS_Manager3.JPG
CAS_Manager2.JPG
CAS_Manager1.JPG
BOM_Search2.JPG
BOM_Search1.JPG
Attributes.JPG
Edit_Group2.JPG
Edit_Group1.JPG
Inv_Issue_Report1.JPG
Collapse.JPG
Delete_Storage2.JPG
BOM_Edit.JPG
New_User3.JPG
New_User2.JPG
New_User1.JPG
Admin1.JPG
Allocate2.JPG
Allocate1.JPG
SSQAG_review4.JPG
SSQAG_review3.JPG
SSQAG_review2.JPG
Expand.JPG
FL3.JPG
FL2.JPG
FL1.JPG
Permissions1.JPG
Inv_Req_Report4.JPG
Inv_Req_Report3.JPG
Inv_Req_Report2.JPG
Inv_Req_Report1.JPG
Inv_Inw_Report4.JPG
Inv_Inw_Report3.JPG
Inv_Inw_Report2.JPG
Inv_Inw_Report1.JPG
Storage9.JPG
Attribute4.JPG
Reset2.JPG
Reset1.JPG
Reallocate3.JPG
Reallocate2.JPG
Reallocate1.JPG
Delete_MFR2.JPG
Delete_MFR.JPG
MFR5.JPG
MFR4.JPG
MFR2.JPG
MFR1.JPG
Storage8.JPG
BOM_Missile2.JPG
BOM_Missile1.JPG
Print_BOM.JPG
Add_Section3.JPG
Add_Section2.JPG
Add_Section1.JPG
Feedback.JPG
Create_Issue4.JPG
Create_Issue3.JPG
Create_Issue2.JPG
Create_Issue1.JPG
Delete_Supplier2.JPG
Delete_Supplier1.JPG
Supplier2.JPG
Supplier1.JPG
Storage7.JPG
Items4.JPG
Items3.JPG
Items2.JPG
Items1.JPG
Auto_Number5.JPG
Auto_Number4.JPG
Auto_Number3.JPG
Auto_Number2.JPG
Auto_Number1.JPG
Failures.JPG
Gatepass.JPG
My_Profile1.JPG
Inv_Report2.JPG
Inv_Report1.JPG
Inv_Issue_Report4.JPG
Issue_Print2.JPG
Issue_Print1.JPG
store_review9.JPG
store_review8.JPG
store_review7.JPG
store_review6.JPG
store_review5.JPG
store_review4.JPG
store_review3.JPG
store_review2.JPG
store_review1.JPG
Storage6.JPG
Item_Basic_Info.JPG
SA5.JPG
SA4.JPG
SA3.JPG
SA2.JPG
SA1.JPG
Issue_Report.JPG
Print_Shortage.JPG
Procurement1.JPG
Storage5.JPG
Basic_Info.JPG
Part_Update.JPG
Part_Delete2.JPG
Part_Delete1.JPG
PT12.JPG
PT11.JPG
PT10.JPG
BDL_Manager3.JPG
BDL_Manager2.JPG
BDL_Manager1.JPG
Delete_GP2.JPG
Search_MFR.JPG
Storage4.JPG
Classification_Search.JPG
Delete_User2.JPG
Delete_User1.JPG
ES5.JPG
ES4.JPG
ES3.JPG
ES2.JPG
ES1.JPG
Request_Search.JPG
Request_Print3.JPG
Request_Print2.JPG
Request_Print1.JPG
Req6.JPG
Req5.JPG
Req4.JPG
Req3.JPG
Req2.JPG
Req1.JPG
Planning4.JPG
Planning3.JPG
Planning2.JPG
Planning1.JPG
Delete_GP1.JPG
Search_GP.JPG
Gatepass3.JPG
Gatepass2.JPG
Gatepass1.JPG
Delete_Storage.JPG
Storage3.JPG
Add_Files.jpg
Add_Part7.JPG
Add_Part6.JPG
Add_Part5.JPG
Add_Part4.JPG
Add_Part3.JPG
Add_Part2.JPG
Add_Part1.JPG
Add_Unit3.JPG
Add_Unit2.JPG
Add_Unit1.JPG
Settings1.JPG
Attribute.JPG
FR8.JPG
FR7.JPG
FR6.JPG
FR5.JPG
FR4.JPG
FR3.JPG
FR2.JPG
FR1.JPG
Inv2.JPG
Inv1.JPG
Dispatch6.JPG
Dispatch5.JPG
Dispatch4.JPG
Dispatch3.JPG
Dispatch2.JPG
Dispatch1.JPG
Plan_Search2.JPG
Plan_Search.JPG
store_review10.JPG
Inw9.JPG
Inw8.JPG
Inw7.JPG
Inw6.JPG
Inw5.JPG
Inw4.JPG
Inw3.JPG
Inw2.JPG
Inw1.JPG
Storage2.JPG
Remove_Part1.JPG
BOM_Edit2.JPG
Logout2.JPG
Logout1.JPG
PartT5.JPG
PartT4.JPG
PartT3.JPG
PartT2.JPG
PartT1.JPG
Storage_Search.JPG
Storage19.JPG
Storage18.JPG
Storage17.JPG
Storage16.JPG
Storage15.JPG
Storage14.JPG
Storage13.JPG
Storage12.JPG
Storage11.JPG
Storage10.JPG
Storage1.JPG
PT9.JPG
PT8.JPG
PT7.JPG
PT6.JPG
ssqag4.JPG
ssqag3.JPG
ssqag2.JPG
ssqag1.JPG
Inw16.JPG
Inw15.JPG
Inw14.JPG
Inw13.JPG
Inw12.JPG
Inw11.JPG
Inw10.JPG
Add_Files2.jpg
PT5.JPG
PT4.JPG
PT3.JPG
PT2.JPG
PT1.JPG
New_Group2.JPG
Add_Group2.JPG
Dispatches.JPG
Issues.JPG
1258.jpg
Print_Shortage2.JPG
Inward_Finish.JPG
BOM_Group1.JPG
Attribute3.JPG
Add_Users1.JPG
Reset_Password1.JPG
Add_Group1.JPG
Returns.JPG
Auto_Plan2.JPG
Search_Supplier.JPG
Supplier_Edit3.JPG
Supplier_Edit2.JPG
Supplier_Edit1.JPG
BOM_Print2.JPG
BOM_Group2.JPG
System3.JPG
System2.JPG
System1.JPG
Attribute2.JPG
Edit_User1.JPG
Requests.JPG
Home1.jpg
Login.jpg
RoboHHRE.lng
ehlpdhtm.js
index.ppf
SearchOptions.xml
whxdata\package_0_xml.js
whxdata\package_1_xml.js
whxdata\package_2_xml.js
whxdata\package_3_xml.js
whxdata\package_4_xml.js
whxdata\package_5_xml.js
whxdata\package_6_xml.js
whxdata\package_7_xml.js
whxdata\packageindex_xml.js
whxdata\synonym.xml
whxdata\synonym_xml.js
whxdata\topictable_0_xml.js
whxdata\topictable_1_xml.js
whxdata\topictableindex_xml.js
whxdata\whfts.xml
whxdata\whfts_xml.js
whproj_xml.js
whxdata\whtoc_xml.js
whxdata\whidx_xml.js
whxdata\whglo_xml.js
resource\resource_xml.js
whbrs_xml.js
whres_xml.js
whcsh_xml.js
whxdata\whtdata0_xml.js
whdata\whtdata0.htm
whgdata\whlstt0.htm
whgdata\whlstt1.htm
whgdata\whlstt2.htm
whgdata\whlstt3.htm
whgdata\whlstt4.htm
whgdata\whlstt5.htm
whgdata\whlstt6.htm
whgdata\whlstt7.htm
whgdata\whlstt8.htm
whgdata\whlstt9.htm
whgdata\whlstt10.htm
whgdata\whlstt11.htm
whgdata\whlstt12.htm
whgdata\whlstt13.htm
whgdata\whlstt14.htm
whgdata\whlstt15.htm
whgdata\whlstt16.htm
whgdata\whlstt17.htm
whgdata\whlstt18.htm
whgdata\whlstt19.htm
whgdata\whlstt20.htm
whgdata\whlstt21.htm
whgdata\whlstt22.htm
whgdata\whlstt23.htm
whgdata\whlstt24.htm
whgdata\whlsti0.htm
whgdata\whlstfl0.htm
whgdata\whlstfl1.htm
whgdata\whlstfl2.htm
whgdata\whlstfl3.htm
whgdata\whlstfl4.htm
whgdata\whlstfl5.htm
whgdata\whlstfl6.htm
whgdata\whlstfl7.htm
whgdata\whlstfl8.htm
whgdata\whlstfl9.htm
whgdata\whlstfl10.htm
whgdata\whlstfl11.htm
whgdata\whlstfl12.htm
whgdata\whlstfl13.htm
whgdata\whlstfl14.htm
whgdata\whlstfl15.htm
whgdata\whlstfl16.htm
whgdata\whlstfl17.htm
whgdata\whlstfl18.htm
whgdata\whlstfl19.htm
whgdata\whlstfl20.htm
whgdata\whlstfl21.htm
whgdata\whlstf0.htm
whgdata\whlstf1.htm
whgdata\whlstf2.htm
whgdata\whlstf3.htm
whgdata\whlstf4.htm
whgdata\whlstf5.htm
whgdata\whlstf6.htm
whgdata\whlstf7.htm
whgdata\whlstf8.htm
whgdata\whlstf9.htm
whgdata\whlstg0.htm
index.htm
index_csh.htm
index_rhc.htm
