|SourceProjectName:is.hpr
|DestinationProjectName:index.htm
whhost.js
whmsg.js
whmozemu.js
whutils.js
whproxy.js
whstub.js
whver.js
whform.js
whphost.js
whstart.js
whtopic.js
whframes.js
whlang.js
XmlReadHelper.js
whskin_info.htm
whskin_blank.htm
whskin_pickup.htm
whskin_homepage.htm
whskin_tw.htm
whnjs.htm
whthost.js
whtdhtml.htm
whihost.js
whibody.htm
whiform.htm
whfhost.js
whfbody.htm
whfform.htm
whghost.js
whgbody.htm
whgdhtml.htm
whgdef.htm
whproj.js
whproj.htm
whdata\whtoc.js
whdata\whtoc.htm
whdata\whtdata.js
whdata\whidx.js
whdata\whidx.htm
whdata\whidata.js
whdata\whglo.js
whdata\whglo.htm
whdata\whgdata.js
whgdata\whnvp30.htm
whgdata\whnvp31.htm
whgdata\whnvp32.htm
whgdata\whnvp33.htm
whgdata\whnvt30.htm
whgdata\whnvt31.htm
whgdata\whnvt32.htm
whgdata\whnvt33.htm
whgdata\whnvf30.htm
whgdata\whnvf31.htm
whgdata\whnvf32.htm
whgdata\whnvf33.htm
whgdata\whnvl31.htm
whgdata\whnvl32.htm
whgdata\whnvl33.htm
whgdata\whexpbar.gif
cshdat_webhelp.htm
whcsh_home.htm
whcshdata.js
cshdat_robohelp.htm
wht_tab0.gif
wht_tab1.gif
wht_tab2.gif
wht_tab3.gif
wht_tab4.gif
wht_tab5.gif
wht_tab6.gif
wht_tab7.gif
wht_tab8.gif
wht_glo_h.gif
wht_glo_n.gif
wht_fts_h.gif
wht_fts_n.gif
wht_idx_h.gif
wht_idx_n.gif
wht_toc_h.gif
wht_toc_n.gif
wht_ws.gif
wht_ws_g.gif
wht_logo1.gif
wht_logo2.gif
wht_abgw.jpg
wht_abgi.jpg
wht_abge.jpg
wht_abtw.jpg
wht_abte.jpg
wht_abti.jpg
wht_spac.gif
wht_next.gif
wht_next_g.gif
wht_prev.gif
wht_prev_g.gif
wht_sync.gif
wht_hide.gif
wht_go.gif
whstart.ico
whestart.ico
whrstart.ico
whidhtml.htm
whfdhtml.htm
whskin_banner.htm
whtbar.js
print-selected.png
print-unselected.png
background.png
contents-selected.png
contents-unselected.png
index-selected.png
index-unselected.png
search-selected.png
search-unselected.png
glossary-selected.png
glossary-unselected.png
search-input-go.png
logo-placeholder.png
previous-disabled.png
previous-enabled.png
next-disabled.png
next-enabled.png
sync-toc.png
hide.png
remote-url.png
closed-book.png
opened-book.png
topic-page.png
whskin_pdhtml.htm
whskin_plist.htm
whskin_tbars.htm
whskin_mbars.htm
whskin_frmset010.htm
whst_topics.xml
whskin_frmset01.htm
index_hha.hhk
index.hhc
index.hhk
ADMIN\GROUPS\ADD_USER.htm
ADMIN\GROUPS\Create_Group.htm
ADMIN\GROUPS\EDIT_GROUP.htm
ADMIN\GROUPS\SUB_GROUP.htm
ADMIN\PERMISSIONS\PERMISSIONS.htm
ADMIN\USERS\ADD_GROUP.htm
ADMIN\USERS\CREATE_USER.htm
ADMIN\USERS\DELETE_USER.htm
ADMIN\USERS\EDIT_USER.htm
ADMINISTRATOR\create_feedback.htm
ADMINISTRATOR\logout.htm
ADMINISTRATOR\myprofile.htm
ADMINISTRATOR\view_help.htm
BOQ\BOM.htm
BOQ\EDIT_DELETE_BOM.htm
BOQ\EXPORT_IMPORT_ITEMS.htm
BOQ\SEARCH_BOM.htm
COMMUNICATION\COMMUNICATION.htm
Create_Manpower.htm
DASHBOARD\EDIT_PORTFOLIO.htm
DASHBOARD\EDIT_PROJECT.htm
DASHBOARD\LOCK_PROJECT.htm
DASHBOARD\NEW_PROJECT.htm
DASHBOARD\NEWPORTFOLIO.htm
DASHBOARD\Show_Attributes.htm
DELETE_TYPE.htm
DOCUMENTS\DOCUMENTS.htm
DOCUMENTS.htm
FILES\FILES.htm
First_Topic.htm
LOGIN\LOGIN.htm
MASTERDATA\CLASSIFICATION\MACHINE_TYPE\CREATE_ATTRIBUTES.htm
MASTERDATA\CLASSIFICATION\MACHINE_TYPE\CREATE_SUB_TYPE.htm
MASTERDATA\CLASSIFICATION\MACHINE_TYPE\DELETE_TYPE.htm
MASTERDATA\CLASSIFICATION\MACHINE_TYPE\Machine_Type.htm
MASTERDATA\CLASSIFICATION\MACHINE_TYPE\UPDATE_MACHINE_TYPE.htm
MASTERDATA\CLASSIFICATION\MANPOER_TYPE\CREATE_ATTRIBUTES.htm
MASTERDATA\CLASSIFICATION\MANPOER_TYPE\Create_Manpower.htm
MASTERDATA\CLASSIFICATION\MANPOER_TYPE\CREATE_SUBTYPE.htm
MASTERDATA\CLASSIFICATION\MANPOER_TYPE\DELETE_TYPE.htm
MASTERDATA\CLASSIFICATION\MANPOER_TYPE\Import_System_Users.htm
MASTERDATA\CLASSIFICATION\MANPOER_TYPE\UPDATE_MANPOWER_TYPE.htm
MASTERDATA\CLASSIFICATION\MATERIAL_TYPE\CREATE_ATTRIBUTES.htm
MASTERDATA\CLASSIFICATION\MATERIAL_TYPE\CREATE_SUB_TYPE.htm
MASTERDATA\CLASSIFICATION\MATERIAL_TYPE\DELETE_TYPE.htm
MASTERDATA\CLASSIFICATION\MATERIAL_TYPE\MASTERDATA.htm
MASTERDATA\CLASSIFICATION\MATERIAL_TYPE\UPDATE_MATERIAL_TYPE.htm
MASTERDATA\MACHINE\Create_Machine.htm
MASTERDATA\MACHINE\MACHINE_ATTRIBUTES.htm
MASTERDATA\MANPOWER\Create_Manpower.htm
MASTERDATA\MANPOWER\Import_System_Users.htm
MASTERDATA\MANPOWER\MANPOWER_ATTRIBUTES.htm
MASTERDATA\MATERIAL\Create_New_Material.htm
MASTERDATA\MATERIAL\MATERIAL_ATTRIBUTES.htm
MEDIA\MEDIA.htm
MEETINGS\EDIT_MEETING.htm
MEETINGS\MEETINGS.htm
MONTHLY_STOCK_REPORT.htm
NEW_PROJECT.htm
OVERVIEW\OVERVIEW.htm
PERMISSIONS\PERMISSIONS.htm
PROBLEMS\CREATE_NEW_PROBLEM.htm
PROBLEMS\DELETE_PROBLEM.htm
PROCUREMENT\INVENTORY\INVENTORY.htm
PROCUREMENT\STORES\CREATE_STORE.htm
PROCUREMENT\STORES\INDENTS.htm
PROCUREMENT\STORES\INVENTORY.htm
PROCUREMENT\STORES\ISSUES.htm
PROCUREMENT\STORES\LOAN_ISSUED.htm
PROCUREMENT\STORES\LOAN_RECEIVED.htm
PROCUREMENT\STORES\PURCHASEORDER.htm
PROCUREMENT\STORES\RECEIVES.htm
PROCUREMENT\STORES\REQUISITION.htm
PROCUREMENT\STORES\ROAD_CHALLAN.htm
PROCUREMENT\STORES\STOCK_MOVEMENT.htm
PROCUREMENT\SUPPLIERS\SUPPLIERS.htm
REPORTS\MONTHLY_STOCK_REPORT.htm
REPORTS\PROJECT_MATERIAL_STATEMENT.htm
REPORTS\STORE_POSITION_REPORT.htm
REPORTS\WORK_STATUS_REPORT.htm
SETTINGS\AUTONUMBERS\DELETE_AUTO_NUMBER.htm
SETTINGS\AUTONUMBERS\EDIT_AUTO_NUMBER.htm
SETTINGS\AUTONUMBERS\SETTINGS.htm
SETTINGS\CUSTOMPROPERTIES\CUSTOM_PROPERTIES.htm
SETTINGS\LIST_OF_VALUES\CEATE_LIST_OF_VALUES.htm
SITES\EDIT_DELETE_SEARCH_SITE.htm
SITES\SITES.htm
TASKS\ADD_MATERIAL_TO_THE_TASK.htm
TASKS\OVERVIE_OF_TASK_STATUS.htm
TASKS\TASKS.htm
TASKS\UPDATE_STATUS_OF_THE_TASK.htm
TEAM\ADD_PERSON_INTO_THE_TEAM.htm
TEAM\ADD_ROLE.htm
TEAM\NEWROLE.htm
TEAM\Team.htm
WBS\WBS1.htm
whlang_nc.js
MASTERDATA\whlang.js
whlang_nc_1.js
whmsg_nc.js
MASTERDATA\whmsg.js
whmsg_nc_1.js
whproxy_nc.js
MASTERDATA\whproxy.js
whproxy_nc_1.js
whtopic_nc.js
MASTERDATA\whtopic.js
whtopic_nc_1.js
whutils_nc.js
MASTERDATA\whutils.js
whutils_nc_1.js
whver_nc.js
MASTERDATA\whver.js
whver_nc_1.js
index.glo
default.css
MASTERDATA\default.css
delete_manpower_type.png
addgroup1.png
subgroup1.jpg
subgroup.jpg
ceate__new_user.jpg
update_manpower_type.png
add_person2.jpg
monthly_report.jpg
custom_prop1.jpg
image33.gif
image36.gif
image35.gif
image29.gif
create_subtype_manpower.jpg
IMPORT_SYS_USERS.jpg
permissions.jpg
addrole.jpg
exort_monthly.jpg
setting.png
custom2.jpg
image48.gif
image23.gif
image24.gif
image25.gif
image26.gif
image27.gif
image62.gif
image61.gif
image40.gif
image39.gif
image38.gif
image37.gif
seach_boq.jpg
new_portfolio1.jpg
new_portfolio.jpg
material_att.jpg
new_material.jpg
req.jpg
help.png
export.png
new_proj.jpg
edit_portfolio.jpg
store.jpg
store_position_report.jpg
image9.gif
image8.gif
image7.gif
image6.gif
image5.gif
image4.gif
image3.gif
image2.gif
image1.gif
documents_master.png
edit_wbs.jpg
edit_user.jpg
dlete_type_machine.jpg
importusers_manpower.jpg
new_machine.jpg
manpower1.jpg
supp_home.png
store2.jpg
store1.jpg
issues.jpg
proj_material1.jpg
edit_site.jpg
edit_auto.jpg
image1.png
manpoewr3.png
image3.png
image2.png
edit_project1.png
edit_project.jpg
create_attr.jpg
loan_isuued1.jpg
show_site_attribute.jpg
Add_documents.jpg
update_materialtype.jpg
material_type.jpg
files.jpg
ind4.jpg
ind3.jpg
ind2.jpg
deletedoc.jpg
feedback_is.png
admin_group_creation.png
media.png
Newproject.png
machhinetype1.jpg
material_attr1.jpg
problem4.jpg
problem3.jpg
problem2.jpg
problem1.jpg
road_challan.jpg
proile_is.png
new_manpower2.png
New_manpower1.png
unlock_proj.jpg
lockproj.png
update_machine_type.png
stock_rep_export.jpg
store_position1.jpg
deleteuserconf.png
new_manpower2_1.png
New_manpower1_1.png
wbs1.jpg
editgroup1.jpg
add_group1.jpg
materialtype1.jpg
role.png
meet3.jpg
po6.jpg
po5.jpg
po3.jpg
po2.jpg
po1.jpg
deleteauto.jpg
LOV.jpg
login.jpg
image17.png
image15.png
image14.png
image23.png
image22.png
image20.png
image19.png
meet2.jpg
loan_issued.jpg
project_material.jpg
image26.png
image32.png
image38.png
image72.png
image25.png
image59.png
delete_material_type.png
image68.png
image67.png
locked1.png
edit_group.jpg
new_proj3.jpg
new_proj1.jpg
create_attr_manpower.jpg
meet1.jpg
supp1.jpg
inv_procu.jpg
workstatus2.jpg
work_status1.jpg
machinetype.png
reports_base.png
task.png
adduser.jpg
create_subtype.jpg
machine_att1.jpg
loan_received.jpg
inventory.jpg
site.jpg
create_boq.png
import1.png
machine1.jpg
req2.jpg
req1.jpg
receive1.jpg
receives.jpg
delete_wbs.jpg
edit_user1.jpg
deleuser1.jpg
show_proj_att1.jpg
show_proj_att.jpg
create_machine_subtype.jpg
machine_attr_create.jpg
CREATEMANPOWERWITH_NEW_USER.jpg
export_proj_maaterial.jpg
edit_auto1.jpg
lictof_values.jpg
logout_is.png
items_allocate.png
manpowershow_att1.png
manpowershow_attr.png
boq5.jpg
boq4.jpg
boq3.jpg
boq2.jpg
boq1.jpg
createuser.jpg
deletetype.jpg
communi.jpg
indent1.jpg
deleterole.png
RoboHHRE.lng
index.ppf
ehlpdhtm.js
SearchOptions.xml
whxdata\package_0_xml.js
whxdata\package_1_xml.js
whxdata\package_2_xml.js
whxdata\package_3_xml.js
whxdata\package_4_xml.js
whxdata\package_5_xml.js
whxdata\package_6_xml.js
whxdata\package_7_xml.js
whxdata\packageindex_xml.js
whxdata\synonym.xml
whxdata\synonym_xml.js
whxdata\topictable_0_xml.js
whxdata\topictable_1_xml.js
whxdata\topictableindex_xml.js
whxdata\whfts.xml
whxdata\whfts_xml.js
whproj_xml.js
whxdata\whtoc_xml.js
whxdata\whidx_xml.js
whxdata\whglo_xml.js
resource\resource_xml.js
whbrs_xml.js
whres_xml.js
whcsh_xml.js
whxdata\whtdata0_xml.js
whdata\whtdata0.htm
whgdata\whlstt0.htm
whgdata\whlstt1.htm
whgdata\whlstt2.htm
whgdata\whlstt3.htm
whgdata\whlstt4.htm
whgdata\whlstt5.htm
whgdata\whlstt6.htm
whgdata\whlstt7.htm
whgdata\whlstt8.htm
whgdata\whlstt9.htm
whgdata\whlstt10.htm
whgdata\whlstt11.htm
whgdata\whlstt12.htm
whgdata\whlstt13.htm
whgdata\whlstt14.htm
whgdata\whlstt15.htm
whgdata\whlstt16.htm
whgdata\whlstt17.htm
whgdata\whlstt18.htm
whgdata\whlstt19.htm
whgdata\whlstt20.htm
whgdata\whlstt21.htm
whgdata\whlstt22.htm
whgdata\whlstt23.htm
whgdata\whlstt24.htm
whgdata\whlstt25.htm
whgdata\whlstt26.htm
whgdata\whlstt27.htm
whgdata\whlstt28.htm
whgdata\whlstt29.htm
whgdata\whlstt30.htm
whgdata\whlstt31.htm
whgdata\whlstt32.htm
whgdata\whlstt33.htm
whgdata\whlstt34.htm
whgdata\whlsti0.htm
whgdata\whlstfl0.htm
whgdata\whlstfl1.htm
whgdata\whlstfl2.htm
whgdata\whlstfl3.htm
whgdata\whlstfl4.htm
whgdata\whlstfl5.htm
whgdata\whlstfl6.htm
whgdata\whlstfl7.htm
whgdata\whlstfl8.htm
whgdata\whlstfl9.htm
whgdata\whlstfl10.htm
whgdata\whlstfl11.htm
whgdata\whlstfl12.htm
whgdata\whlstfl13.htm
whgdata\whlstfl14.htm
whgdata\whlstfl15.htm
whgdata\whlstfl16.htm
whgdata\whlstfl17.htm
whgdata\whlstfl18.htm
whgdata\whlstfl19.htm
whgdata\whlstfl20.htm
whgdata\whlstfl21.htm
whgdata\whlstfl22.htm
whgdata\whlstf0.htm
whgdata\whlstf1.htm
whgdata\whlstf2.htm
whgdata\whlstf3.htm
whgdata\whlstf4.htm
whgdata\whlstf5.htm
whgdata\whlstf6.htm
whgdata\whlstf7.htm
whgdata\whlstf8.htm
whgdata\whlstf9.htm
whgdata\whlstg0.htm
index.htm
index_csh.htm
index_rhc.htm
